<?xml version="1.0" encoding="UTF-8"?>
<!-- Generated by org.testng.reporters.JUnitReportReporter -->
<testsuite hostname="LAPTOP-4S0TPLNG" failures="0" tests="1" name="TestCases.VerifyLogin" time="5.034" errors="0" timestamp="2023-04-29T18:36:59 IST" skipped="0">
  <testcase classname="TestCases.VerifyLogin" name="login" time="5.034"/>
  <system-out/>
</testsuite> <!-- TestCases.VerifyLogin -->
