<?xml version="1.0" encoding="UTF-8"?>
<!-- Generated by org.testng.reporters.JUnitReportReporter -->
<testsuite hostname="LAPTOP-4S0TPLNG" failures="0" tests="1" name="TestCases.VerifySignup$Verifysignup" time="16.172" errors="0" timestamp="2023-04-29T19:02:53 IST" skipped="0">
  <testcase classname="TestCases.VerifySignup$Verifysignup" name="signup" time="16.172"/>
  <system-out/>
</testsuite> <!-- TestCases.VerifySignup$Verifysignup -->
